生成启动时间为 2022/3/23 6:50:10。
     1>项目“C:\Users\李建华\Documents\tinyRayTrace\tinyraytracer\tiny_ray_tracing\ConsoleApplication1\ConsoleApplication1.vcxproj”在节点 2 上(Build 个目标)。
     1>ClCompile:
         C:\Program Files (x86)\Microsoft Visual Studio 14.0\VC\bin\x86_amd64\CL.exe /c /ZI /nologo /W3 /WX- /sdl /Od /D _DEBUG /D _CONSOLE /D _UNICODE /D UNICODE /Gm /EHsc /RTC1 /MDd /GS /fp:precise /Zc:wchar_t /Zc:forScope /Zc:inline /Fo"x64\Debug\\" /Fd"x64\Debug\vc140.pdb" /Gd /TP /errorReport:prompt tinyraytracer.cpp
         tinyraytracer.cpp
     1>c:\users\李建华\documents\tinyraytrace\tinyraytracer\tiny_ray_tracing\consoleapplication1\tinyraytracer.cpp(124): warning C4244: “初始化”: 从“float”转换到“int”，可能丢失数据
     1>c:\users\李建华\documents\tinyraytrace\tinyraytracer\tiny_ray_tracing\consoleapplication1\tinyraytracer.cpp(125): warning C4244: “初始化”: 从“float”转换到“int”，可能丢失数据
     1>c:\users\李建华\documents\tinyraytrace\tinyraytracer\tiny_ray_tracing\consoleapplication1\tinyraytracer.cpp(194): warning C4305: “参数”: 从“double”到“float”截断
     1>c:\users\李建华\documents\tinyraytrace\tinyraytracer\tiny_ray_tracing\consoleapplication1\tinyraytracer.cpp(198): warning C4305: “参数”: 从“double”到“const float”截断
     1>c:\users\李建华\documents\tinyraytrace\tinyraytracer\tiny_ray_tracing\consoleapplication1\tinyraytracer.cpp(202): warning C4305: “参数”: 从“double”到“const float”截断
     1>c:\users\李建华\documents\tinyraytrace\tinyraytracer\tiny_ray_tracing\consoleapplication1\tinyraytracer.cpp(212): warning C4305: “参数”: 从“double”到“const float”截断
     1>c:\users\李建华\documents\tinyraytrace\tinyraytracer\tiny_ray_tracing\consoleapplication1\tinyraytracer.cpp(222): warning C4305: “参数”: 从“double”到“float”截断
     1>c:\users\李建华\documents\tinyraytrace\tinyraytracer\tiny_ray_tracing\consoleapplication1\tinyraytracer.cpp(241): warning C4244: “初始化”: 从“double”转换到“float”，可能丢失数据
     1>c:\users\李建华\documents\tinyraytrace\tinyraytracer\tiny_ray_tracing\consoleapplication1\tinyraytracer.cpp(243): warning C4305: “参数”: 从“double”到“float”截断
     1>c:\users\李建华\documents\tinyraytrace\tinyraytracer\tiny_ray_tracing\consoleapplication1\tinyraytracer.cpp(244): warning C4305: “参数”: 从“double”到“float”截断
     1>c:\users\李建华\documents\tinyraytrace\tinyraytracer\tiny_ray_tracing\consoleapplication1\tinyraytracer.cpp(245): warning C4305: “参数”: 从“double”到“float”截断
     1>c:\users\李建华\documents\tinyraytrace\tinyraytracer\tiny_ray_tracing\consoleapplication1\tinyraytracer.cpp(247): warning C4305: “参数”: 从“double”到“float”截断
     1>c:\users\李建华\documents\tinyraytrace\tinyraytracer\tiny_ray_tracing\consoleapplication1\tinyraytracer.cpp(247): warning C4305: “参数”: 从“double”到“const float”截断
     1>c:\users\李建华\documents\tinyraytrace\tinyraytracer\tiny_ray_tracing\consoleapplication1\tinyraytracer.cpp(251): warning C4305: “参数”: 从“double”到“const float”截断
     1>c:\users\李建华\documents\tinyraytrace\tinyraytracer\tiny_ray_tracing\consoleapplication1\tinyraytracer.cpp(252): warning C4305: “参数”: 从“double”到“float”截断
     1>c:\users\李建华\documents\tinyraytrace\tinyraytracer\tiny_ray_tracing\consoleapplication1\tinyraytracer.cpp(252): warning C4305: “参数”: 从“double”到“const float”截断
     1>c:\users\李建华\documents\tinyraytrace\tinyraytracer\tiny_ray_tracing\consoleapplication1\tinyraytracer.cpp(253): warning C4305: “参数”: 从“double”到“const float”截断
     1>c:\users\李建华\documents\tinyraytrace\tinyraytracer\tiny_ray_tracing\consoleapplication1\tinyraytracer.cpp(272): warning C4305: “参数”: 从“double”到“const float”截断
     1>c:\users\李建华\documents\tinyraytrace\tinyraytracer\tiny_ray_tracing\consoleapplication1\tinyraytracer.cpp(300): warning C4305: “参数”: 从“double”到“float”截断
     1>c:\users\李建华\documents\tinyraytrace\tinyraytracer\tiny_ray_tracing\consoleapplication1\tinyraytracer.cpp(282): warning C4101: “light_distance”: 未引用的局部变量
     1>c:\program files (x86)\microsoft visual studio 14.0\vc\include\tuple(75): warning C4244: “初始化”: 从“int”转换到“float”，可能丢失数据
         c:\program files (x86)\microsoft visual studio 14.0\vc\include\tuple(257): note: 参见对正在编译的函数 模板 实例化“std::_Tuple_val<_This>::_Tuple_val<_Ty>(_Other &&)”的引用
                 with
                 [
                     _This=float,
                     _Ty=int,
                     _Other=int
                 ]
         c:\program files (x86)\microsoft visual studio 14.0\vc\include\tuple(257): note: 参见对正在编译的函数 模板 实例化“std::_Tuple_val<_This>::_Tuple_val<_Ty>(_Other &&)”的引用
                 with
                 [
                     _This=float,
                     _Ty=int,
                     _Other=int
                 ]
         c:\program files (x86)\microsoft visual studio 14.0\vc\include\tuple(257): note: 参见对正在编译的函数 模板 实例化“std::tuple<float,vec3,vec3>::tuple<int,vec3,vec3,std::_Tuple_enable<std::tuple<>,std::tuple<>>::type>(std::tuple<int,vec3,vec3> &&)”的引用
         c:\program files (x86)\microsoft visual studio 14.0\vc\include\tuple(257): note: 参见对正在编译的函数 模板 实例化“std::tuple<float,vec3,vec3>::tuple<int,vec3,vec3,std::_Tuple_enable<std::tuple<>,std::tuple<>>::type>(std::tuple<int,vec3,vec3> &&)”的引用
         c:\users\李建华\documents\tinyraytrace\tinyraytracer\tiny_ray_tracing\consoleapplication1\tinyraytracer.cpp(119): note: 参见对正在编译的函数 模板 实例化“std::tuple<bool,float,vec3,vec3>::tuple<bool,int,vec3,vec3,std::_Tuple_enable<std::tuple<>,std::tuple<>>::type>(std::tuple<bool,int,vec3,vec3> &&)”的引用
         c:\users\李建华\documents\tinyraytrace\tinyraytracer\tiny_ray_tracing\consoleapplication1\tinyraytracer.cpp(119): note: 参见对正在编译的函数 模板 实例化“std::tuple<bool,float,vec3,vec3>::tuple<bool,int,vec3,vec3,std::_Tuple_enable<std::tuple<>,std::tuple<>>::type>(std::tuple<bool,int,vec3,vec3> &&)”的引用
       Link:
         C:\Program Files (x86)\Microsoft Visual Studio 14.0\VC\bin\x86_amd64\link.exe /ERRORREPORT:PROMPT /OUT:"C:\Users\李建华\Documents\tinyRayTrace\tinyraytracer\tiny_ray_tracing\x64\Debug\ray_tracing.exe" /INCREMENTAL /NOLOGO kernel32.lib user32.lib gdi32.lib winspool.lib comdlg32.lib advapi32.lib shell32.lib ole32.lib oleaut32.lib uuid.lib odbc32.lib odbccp32.lib /MANIFEST /MANIFESTUAC:"level='asInvoker' uiAccess='false'" /manifest:embed /Debug /PDB:"C:\Users\李建华\Documents\tinyRayTrace\tinyraytracer\tiny_ray_tracing\x64\Debug\ray_tracing.pdb" /SUBSYSTEM:CONSOLE /TLBID:1 /DYNAMICBASE /NXCOMPAT /IMPLIB:"C:\Users\李建华\Documents\tinyRayTrace\tinyraytracer\tiny_ray_tracing\x64\Debug\ray_tracing.lib" /MACHINE:X64 x64\Debug\tinyraytracer.obj
         ConsoleApplication1.vcxproj -> C:\Users\李建华\Documents\tinyRayTrace\tinyraytracer\tiny_ray_tracing\x64\Debug\ray_tracing.exe
     1>已完成生成项目“C:\Users\李建华\Documents\tinyRayTrace\tinyraytracer\tiny_ray_tracing\ConsoleApplication1\ConsoleApplication1.vcxproj”(Build 个目标)的操作。

已成功生成。

已用时间 00:00:02.29
